<?xml version="1.0" encoding="UTF-8"?>
<!-- Generated by org.testng.reporters.JUnitReportReporter -->
<testsuite skipped="0" hostname="DESKTOP-OCIILT7" name="com.pomkart.tests.KartPageTests" tests="1" failures="0" timestamp="2020-09-02T08:28:36 IST" time="44.073" errors="0">
  <testcase name="tc1_Verify" time="44.073" classname="com.pomkart.tests.KartPageTests"/>
</testsuite> <!-- com.pomkart.tests.KartPageTests -->
